#
# A fatal error has been detected by the Java Runtime Environment:
#
#  EXCEPTION_ACCESS_VIOLATION (0xc0000005) at pc=0x0000000077942fc6, pid=8592, tid=4304
#
# JRE version: Java(TM) SE Runtime Environment (8.0_77-b03) (build 1.8.0_77-b03)
# Java VM: Java HotSpot(TM) 64-Bit Server VM (25.77-b03 mixed mode windows-amd64 compressed oops)
# Problematic frame:
# C  [ntdll.dll+0x52fc6]
#
# Failed to write core dump. Minidumps are not enabled by default on client versions of Windows
#
# If you would like to submit a bug report, please visit:
#   http://bugreport.java.com/bugreport/crash.jsp
# The crash happened outside the Java Virtual Machine in native code.
# See problematic frame for where to report the bug.
#

---------------  T H R E A D  ---------------

Current thread (0x000000000a916000):  JavaThread "Thread-3" [_thread_in_native, id=4304, stack(0x000000000b740000,0x000000000b840000)]

siginfo: ExceptionCode=0xc0000005, reading address 0xffffffffffffffff

Registers:
RAX=0x0000000077942fc0, RBX=0x00000000003ef238, RCX=0x006d00640041005c, RDX=0x000000000b83f280
RSP=0x000000000b83f150, RBP=0x000000000b83f250, RSI=0x000000000d19a310, RDI=0x00000000003ef238
R8 =0x00000000003ef238, R9 =0x0000000000000001, R10=0x000000000f0268df, R11=0x000000005e6596f0
R12=0x0000000000000000, R13=0x0000000007d73b78, R14=0x000000000b83f280, R15=0x000000000a916000
RIP=0x0000000077942fc6, EFLAGS=0x0000000000010206

Top of Stack: (sp=0x000000000b83f150)
0x000000000b83f150:   000000000a916000 000000000a916000
0x000000000b83f160:   000000000b83f200 000000005e66b29a
0x000000000b83f170:   00000000003ef238 000000006be9b075
0x000000000b83f180:   000000000d19a310 000000000b83f290
0x000000000b83f190:   000000000aaa02f0 000000005e4e5f01
0x000000000b83f1a0:   000000000b83f648 000000000a916000
0x000000000b83f1b0:   0000000007d73b78 000000000f02690b
0x000000000b83f1c0:   00000000003ef238 000000000f0266a5
0x000000000b83f1d0:   000000000a916000 0000000007d73b78
0x000000000b83f1e0:   0000000007d73b78 000000005e66ac1c
0x000000000b83f1f0:   000000000b83f2d0 000000000f02666d
0x000000000b83f200:   0000000000000003 00000000825735b0
0x000000000b83f210:   000000000b83f200 0000000007d73b78
0x000000000b83f220:   000000000b83f280 000000000bb1c748
0x000000000b83f230:   0000000000000000 0000000007d73b78
0x000000000b83f240:   0000000000000000 000000000b83f270 

Instructions: (pc=0x0000000077942fc6)
0x0000000077942fa6:   f0 48 0f c3 51 f8 75 d0 f0 80 0c 24 00 e9 56 ff
0x0000000077942fb6:   ff ff 90 90 90 90 90 90 90 90 ff f3 48 83 ec 20
0x0000000077942fc6:   f0 0f ba 71 08 00 48 8b d9 0f 83 e9 b1 ff ff 65
0x0000000077942fd6:   48 8b 04 25 30 00 00 00 48 8b 48 48 c7 43 0c 01 


Register to memory mapping:

RAX=0x0000000077942fc0 is an unknown value
RBX=0x00000000003ef238 is an unknown value
RCX=0x006d00640041005c is an unknown value
RDX=0x000000000b83f280 is pointing into the stack for thread: 0x000000000a916000
RSP=0x000000000b83f150 is pointing into the stack for thread: 0x000000000a916000
RBP=0x000000000b83f250 is pointing into the stack for thread: 0x000000000a916000
RSI=0x000000000d19a310 is pointing into metadata
RDI=0x00000000003ef238 is an unknown value
R8 =0x00000000003ef238 is an unknown value
R9 =0x0000000000000001 is an unknown value
R10=0x000000000f0268df is at code_begin+1215 in an Interpreter codelet
method entry point (kind = native_synchronized)  [0x000000000f026420, 0x000000000f026ee0]  2752 bytes
R11=0x000000005e6596f0 is an unknown value
R12=0x0000000000000000 is an unknown value
R13={method} {0x0000000007d73b80} 'reset' '(J)I' in 'org/sqlite/core/NativeDB'
R14=0x000000000b83f280 is pointing into the stack for thread: 0x000000000a916000
R15=0x000000000a916000 is a thread


Stack: [0x000000000b740000,0x000000000b840000],  sp=0x000000000b83f150,  free space=1020k
Native frames: (J=compiled Java code, j=interpreted, Vv=VM code, C=native code)
C  [ntdll.dll+0x52fc6]
C  [sqlite-3.8.7-e48bf97e-4a18-43f6-bc78-4f536a2d5dc3-sqlitejdbc.dll+0x5b075]
C  0x000000000f02690b

Java frames: (J=compiled Java code, j=interpreted, Vv=VM code)
j  org.sqlite.core.NativeDB.reset(J)I+0
j  org.sqlite.core.CoreResultSet.close()V+76
J 692 C1 org.sqlite.jdbc3.JDBC3ResultSet.next()Z (132 bytes) @ 0x000000000f27adcc [0x000000000f27ab00+0x2cc]
j  Cient$MHelp.run()V+60
j  java.lang.Thread.run()V+11
v  ~StubRoutines::call_stub

---------------  P R O C E S S  ---------------

Java Threads: ( => current thread )
=>0x000000000a916000 JavaThread "Thread-3" [_thread_in_native, id=4304, stack(0x000000000b740000,0x000000000b840000)]
  0x000000000a912800 JavaThread "Thread-2" [_thread_in_Java, id=5040, stack(0x000000000b5c0000,0x000000000b6c0000)]
  0x000000000aa98000 JavaThread "TimerQueue" daemon [_thread_blocked, id=4500, stack(0x000000000cff0000,0x000000000d0f0000)]
  0x000000000a997800 JavaThread "AWT-EventQueue-0" [_thread_blocked, id=8220, stack(0x000000000b8f0000,0x000000000b9f0000)]
  0x000000000a92d800 JavaThread "AWT-Windows" daemon [_thread_in_native, id=10856, stack(0x000000000b310000,0x000000000b410000)]
  0x000000000a92d000 JavaThread "AWT-Shutdown" [_thread_blocked, id=6080, stack(0x000000000a5b0000,0x000000000a6b0000)]
  0x000000000a92a000 JavaThread "Java2D Disposer" daemon [_thread_blocked, id=11120, stack(0x000000000b170000,0x000000000b270000)]
  0x0000000009c24000 JavaThread "Monitor Ctrl-Break" daemon [_thread_in_native, id=8968, stack(0x0000000009880000,0x0000000009980000)]
  0x0000000009b82800 JavaThread "Service Thread" daemon [_thread_blocked, id=4124, stack(0x000000000a250000,0x000000000a350000)]
  0x0000000009b09000 JavaThread "C1 CompilerThread2" daemon [_thread_blocked, id=7176, stack(0x000000000a0a0000,0x000000000a1a0000)]
  0x0000000009b00800 JavaThread "C2 CompilerThread1" daemon [_thread_blocked, id=9628, stack(0x0000000009f40000,0x000000000a040000)]
  0x000000000835a800 JavaThread "C2 CompilerThread0" daemon [_thread_blocked, id=4740, stack(0x0000000009a00000,0x0000000009b00000)]
  0x0000000008355000 JavaThread "Attach Listener" daemon [_thread_blocked, id=10840, stack(0x0000000009770000,0x0000000009870000)]
  0x0000000008353000 JavaThread "Signal Dispatcher" daemon [_thread_blocked, id=10388, stack(0x0000000009640000,0x0000000009740000)]
  0x000000000833b800 JavaThread "Finalizer" daemon [_thread_blocked, id=10696, stack(0x00000000092f0000,0x00000000093f0000)]
  0x00000000082f4000 JavaThread "Reference Handler" daemon [_thread_blocked, id=9884, stack(0x0000000009400000,0x0000000009500000)]
  0x0000000001eaf000 JavaThread "main" [_thread_in_native, id=9624, stack(0x00000000021d0000,0x00000000022d0000)]

Other Threads:
  0x00000000082ec800 VMThread [stack: 0x0000000009140000,0x0000000009240000] [id=9420]
  0x0000000009bb0800 WatcherThread [stack: 0x000000000a430000,0x000000000a530000] [id=10772]

VM state:not at safepoint (normal execution)

VM Mutex/Monitor currently owned by a thread: None

Heap:
 PSYoungGen      total 164352K, used 144317K [0x00000000d6000000, 0x00000000ee980000, 0x0000000100000000)
  eden space 163840K, 88% used [0x00000000d6000000,0x00000000dece7438,0x00000000e0000000)
  from space 512K, 6% used [0x00000000ee900000,0x00000000ee908000,0x00000000ee980000)
  to   space 4096K, 0% used [0x00000000ee180000,0x00000000ee180000,0x00000000ee580000)
 ParOldGen       total 86016K, used 7109K [0x0000000082000000, 0x0000000087400000, 0x00000000d6000000)
  object space 86016K, 8% used [0x0000000082000000,0x00000000826f16c0,0x0000000087400000)
 Metaspace       used 12545K, capacity 12710K, committed 12928K, reserved 1060864K
  class space    used 1521K, capacity 1603K, committed 1664K, reserved 1048576K

Card table byte_map: [0x0000000002960000,0x0000000002d60000] byte_map_base: 0x0000000002550000

Marking Bits: (ParMarkBitMap*) 0x000000005ec40600
 Begin Bits: [0x0000000003670000, 0x00000000055f0000)
 End Bits:   [0x00000000055f0000, 0x0000000007570000)

Polling page: 0x0000000000120000

CodeCache: size=245760Kb used=2990Kb max_used=3002Kb free=242769Kb
 bounds [0x000000000f010000, 0x000000000f310000, 0x000000001e010000]
 total_blobs=1320 nmethods=809 adapters=424
 compilation: enabled

Compilation events (10 events):
Event: 2854.670 Thread 0x0000000009b09000  805       3       sun.misc.ASCIICaseInsensitiveComparator::isUpper (18 bytes)
Event: 2854.671 Thread 0x0000000009b09000 nmethod 805 0x000000000f2d7c10 code [0x000000000f2d7d60, 0x000000000f2d7f10]
Event: 2854.671 Thread 0x0000000009b09000  806       3       java.lang.Enum::<init> (15 bytes)
Event: 2854.671 Thread 0x0000000009b09000 nmethod 806 0x000000000f2d7850 code [0x000000000f2d79a0, 0x000000000f2d7b70]
Event: 2854.932 Thread 0x0000000009b09000  807       3       sun.misc.VM::addFinalRefCount (24 bytes)
Event: 2854.933 Thread 0x0000000009b09000 nmethod 807 0x000000000f2d74d0 code [0x000000000f2d7620, 0x000000000f2d77d0]
Event: 2859.671 Thread 0x0000000009b09000  808       3       java.lang.Long::hashCode (8 bytes)
Event: 2859.672 Thread 0x0000000009b09000 nmethod 808 0x000000000f2d7110 code [0x000000000f2d7260, 0x000000000f2d7430]
Event: 2859.672 Thread 0x0000000009b09000  809       3       java.lang.Long::hashCode (8 bytes)
Event: 2859.672 Thread 0x0000000009b09000 nmethod 809 0x000000000f2c0650 code [0x000000000f2c07a0, 0x000000000f2c08f0]

GC Heap History (10 events):
Event: 2856.769 GC heap before
{Heap before GC invocations=16 (full 0):
 PSYoungGen      total 207872K, used 202368K [0x00000000d6000000, 0x00000000ef600000, 0x0000000100000000)
  eden space 202240K, 100% used [0x00000000d6000000,0x00000000e2580000,0x00000000e2580000)
  from space 5632K, 2% used [0x00000000eeb00000,0x00000000eeb20000,0x00000000ef080000)
  to   space 5120K, 0% used [0x00000000ef100000,0x00000000ef100000,0x00000000ef600000)
 ParOldGen       total 86016K, used 7069K [0x0000000082000000, 0x0000000087400000, 0x00000000d6000000)
  object space 86016K, 8% used [0x0000000082000000,0x00000000826e76c0,0x0000000087400000)
 Metaspace       used 12544K, capacity 12710K, committed 12928K, reserved 1060864K
  class space    used 1521K, capacity 1603K, committed 1664K, reserved 1048576K
Event: 2856.770 GC heap after
Heap after GC invocations=16 (full 0):
 PSYoungGen      total 194560K, used 32K [0x00000000d6000000, 0x00000000ef180000, 0x0000000100000000)
  eden space 194048K, 0% used [0x00000000d6000000,0x00000000d6000000,0x00000000e1d80000)
  from space 512K, 6% used [0x00000000ef100000,0x00000000ef108000,0x00000000ef180000)
  to   space 5120K, 0% used [0x00000000ee780000,0x00000000ee780000,0x00000000eec80000)
 ParOldGen       total 86016K, used 7101K [0x0000000082000000, 0x0000000087400000, 0x00000000d6000000)
  object space 86016K, 8% used [0x0000000082000000,0x00000000826ef6c0,0x0000000087400000)
 Metaspace       used 12544K, capacity 12710K, committed 12928K, reserved 1060864K
  class space    used 1521K, capacity 1603K, committed 1664K, reserved 1048576K
}
Event: 2858.529 GC heap before
{Heap before GC invocations=17 (full 0):
 PSYoungGen      total 194560K, used 194080K [0x00000000d6000000, 0x00000000ef180000, 0x0000000100000000)
  eden space 194048K, 100% used [0x00000000d6000000,0x00000000e1d80000,0x00000000e1d80000)
  from space 512K, 6% used [0x00000000ef100000,0x00000000ef108000,0x00000000ef180000)
  to   space 5120K, 0% used [0x00000000ee780000,0x00000000ee780000,0x00000000eec80000)
 ParOldGen       total 86016K, used 7101K [0x0000000082000000, 0x0000000087400000, 0x00000000d6000000)
  object space 86016K, 8% used [0x0000000082000000,0x00000000826ef6c0,0x0000000087400000)
 Metaspace       used 12544K, capacity 12710K, committed 12928K, reserved 1060864K
  class space    used 1521K, capacity 1603K, committed 1664K, reserved 1048576K
Event: 2858.530 GC heap after
Heap after GC invocations=17 (full 0):
 PSYoungGen      total 190976K, used 32K [0x00000000d6000000, 0x00000000ef180000, 0x0000000100000000)
  eden space 185856K, 0% used [0x00000000d6000000,0x00000000d6000000,0x00000000e1580000)
  from space 5120K, 0% used [0x00000000ee780000,0x00000000ee788000,0x00000000eec80000)
  to   space 4608K, 0% used [0x00000000eed00000,0x00000000eed00000,0x00000000ef180000)
 ParOldGen       total 86016K, used 7101K [0x0000000082000000, 0x0000000087400000, 0x00000000d6000000)
  object space 86016K, 8% used [0x0000000082000000,0x00000000826ef6c0,0x0000000087400000)
 Metaspace       used 12544K, capacity 12710K, committed 12928K, reserved 1060864K
  class space    used 1521K, capacity 1603K, committed 1664K, reserved 1048576K
}
Event: 2860.242 GC heap before
{Heap before GC invocations=18 (full 0):
 PSYoungGen      total 190976K, used 185888K [0x00000000d6000000, 0x00000000ef180000, 0x0000000100000000)
  eden space 185856K, 100% used [0x00000000d6000000,0x00000000e1580000,0x00000000e1580000)
  from space 5120K, 0% used [0x00000000ee780000,0x00000000ee788000,0x00000000eec80000)
  to   space 4608K, 0% used [0x00000000eed00000,0x00000000eed00000,0x00000000ef180000)
 ParOldGen       total 86016K, used 7101K [0x0000000082000000, 0x0000000087400000, 0x00000000d6000000)
  object space 86016K, 8% used [0x0000000082000000,0x00000000826ef6c0,0x0000000087400000)
 Metaspace       used 12545K, capacity 12710K, committed 12928K, reserved 1060864K
  class space    used 1521K, capacity 1603K, committed 1664K, reserved 1048576K
Event: 2860.242 GC heap after
Heap after GC invocations=18 (full 0):
 PSYoungGen      total 178688K, used 64K [0x00000000d6000000, 0x00000000eed80000, 0x0000000100000000)
  eden space 178176K, 0% used [0x00000000d6000000,0x00000000d6000000,0x00000000e0e00000)
  from space 512K, 12% used [0x00000000eed00000,0x00000000eed10000,0x00000000eed80000)
  to   space 4608K, 0% used [0x00000000ee480000,0x00000000ee480000,0x00000000ee900000)
 ParOldGen       total 86016K, used 7101K [0x0000000082000000, 0x0000000087400000, 0x00000000d6000000)
  object space 86016K, 8% used [0x0000000082000000,0x00000000826ef6c0,0x0000000087400000)
 Metaspace       used 12545K, capacity 12710K, committed 12928K, reserved 1060864K
  class space    used 1521K, capacity 1603K, committed 1664K, reserved 1048576K
}
Event: 2861.886 GC heap before
{Heap before GC invocations=19 (full 0):
 PSYoungGen      total 178688K, used 178240K [0x00000000d6000000, 0x00000000eed80000, 0x0000000100000000)
  eden space 178176K, 100% used [0x00000000d6000000,0x00000000e0e00000,0x00000000e0e00000)
  from space 512K, 12% used [0x00000000eed00000,0x00000000eed10000,0x00000000eed80000)
  to   space 4608K, 0% used [0x00000000ee480000,0x00000000ee480000,0x00000000ee900000)
 ParOldGen       total 86016K, used 7101K [0x0000000082000000, 0x0000000087400000, 0x00000000d6000000)
  object space 86016K, 8% used [0x0000000082000000,0x00000000826ef6c0,0x0000000087400000)
 Metaspace       used 12545K, capacity 12710K, committed 12928K, reserved 1060864K
  class space    used 1521K, capacity 1603K, committed 1664K, reserved 1048576K
Event: 2861.886 GC heap after
Heap after GC invocations=19 (full 0):
 PSYoungGen      total 175616K, used 32K [0x00000000d6000000, 0x00000000eed80000, 0x0000000100000000)
  eden space 171008K, 0% used [0x00000000d6000000,0x00000000d6000000,0x00000000e0700000)
  from space 4608K, 0% used [0x00000000ee480000,0x00000000ee488000,0x00000000ee900000)
  to   space 4608K, 0% used [0x00000000ee900000,0x00000000ee900000,0x00000000eed80000)
 ParOldGen       total 86016K, used 7109K [0x0000000082000000, 0x0000000087400000, 0x00000000d6000000)
  object space 86016K, 8% used [0x0000000082000000,0x00000000826f16c0,0x0000000087400000)
 Metaspace       used 12545K, capacity 12710K, committed 12928K, reserved 1060864K
  class space    used 1521K, capacity 1603K, committed 1664K, reserved 1048576K
}
Event: 2863.463 GC heap before
{Heap before GC invocations=20 (full 0):
 PSYoungGen      total 175616K, used 171040K [0x00000000d6000000, 0x00000000eed80000, 0x0000000100000000)
  eden space 171008K, 100% used [0x00000000d6000000,0x00000000e0700000,0x00000000e0700000)
  from space 4608K, 0% used [0x00000000ee480000,0x00000000ee488000,0x00000000ee900000)
  to   space 4608K, 0% used [0x00000000ee900000,0x00000000ee900000,0x00000000eed80000)
 ParOldGen       total 86016K, used 7109K [0x0000000082000000, 0x0000000087400000, 0x00000000d6000000)
  object space 86016K, 8% used [0x0000000082000000,0x00000000826f16c0,0x0000000087400000)
 Metaspace       used 12545K, capacity 12710K, committed 12928K, reserved 1060864K
  class space    used 1521K, capacity 1603K, committed 1664K, reserved 1048576K
Event: 2863.464 GC heap after
Heap after GC invocations=20 (full 0):
 PSYoungGen      total 164352K, used 32K [0x00000000d6000000, 0x00000000ee980000, 0x0000000100000000)
  eden space 163840K, 0% used [0x00000000d6000000,0x00000000d6000000,0x00000000e0000000)
  from space 512K, 6% used [0x00000000ee900000,0x00000000ee908000,0x00000000ee980000)
  to   space 4096K, 0% used [0x00000000ee180000,0x00000000ee180000,0x00000000ee580000)
 ParOldGen       total 86016K, used 7109K [0x0000000082000000, 0x0000000087400000, 0x00000000d6000000)
  object space 86016K, 8% used [0x0000000082000000,0x00000000826f16c0,0x0000000087400000)
 Metaspace       used 12545K, capacity 12710K, committed 12928K, reserved 1060864K
  class space    used 1521K, capacity 1603K, committed 1664K, reserved 1048576K
}

Deoptimization events (4 events):
Event: 0.747 Thread 0x0000000001eaf000 Uncommon trap: reason=unstable_if action=reinterpret pc=0x000000000f21f128 method=java.lang.String.indexOf([CII[CIII)I @ 3
Event: 1.118 Thread 0x0000000001eaf000 Uncommon trap: reason=unstable_if action=reinterpret pc=0x000000000f24e0c0 method=org.sqlite.SQLiteJDBCLoader.contentsEquals(Ljava/io/InputStream;Ljava/io/InputStream;)Z @ 39
Event: 2834.668 Thread 0x000000000a912800 Uncommon trap: reason=unstable_if action=reinterpret pc=0x000000000f2c4d50 method=org.sqlite.core.CoreStatement.internalClose()V @ 26
Event: 2854.672 Thread 0x000000000a916000 Uncommon trap: reason=class_check action=maybe_recompile pc=0x000000000f18ee98 method=java.lang.String.equals(Ljava/lang/Object;)Z @ 8

Internal exceptions (10 events):
Event: 0.184 Thread 0x0000000001eaf000 Exception <a 'java/security/PrivilegedActionException'> (0x00000000d6174f80) thrown at [D:\re\workspace\8-2-build-windows-amd64-cygwin\jdk8u77\6540\hotspot\src\share\vm\prims\jvm.cpp, line 1386]
Event: 0.184 Thread 0x0000000001eaf000 Exception <a 'java/security/PrivilegedActionException'> (0x00000000d6175190) thrown at [D:\re\workspace\8-2-build-windows-amd64-cygwin\jdk8u77\6540\hotspot\src\share\vm\prims\jvm.cpp, line 1386]
Event: 0.185 Thread 0x0000000001eaf000 Exception <a 'java/security/PrivilegedActionException'> (0x00000000d6178fd8) thrown at [D:\re\workspace\8-2-build-windows-amd64-cygwin\jdk8u77\6540\hotspot\src\share\vm\prims\jvm.cpp, line 1386]
Event: 0.185 Thread 0x0000000001eaf000 Exception <a 'java/security/PrivilegedActionException'> (0x00000000d61791e8) thrown at [D:\re\workspace\8-2-build-windows-amd64-cygwin\jdk8u77\6540\hotspot\src\share\vm\prims\jvm.cpp, line 1386]
Event: 0.212 Thread 0x0000000001eaf000 Exception <a 'java/io/FileNotFoundException'> (0x00000000d61835f8) thrown at [D:\re\workspace\8-2-build-windows-amd64-cygwin\jdk8u77\6540\hotspot\src\share\vm\prims\jni.cpp, line 709]
Event: 0.259 Thread 0x0000000001eaf000 Exception <a 'java/lang/NoSuchFieldError': method resolution failed> (0x00000000d62f4918) thrown at [D:\re\workspace\8-2-build-windows-amd64-cygwin\jdk8u77\6540\hotspot\src\share\vm\prims\methodHandles.cpp, line 1146]
Event: 0.261 Thread 0x0000000001eaf000 Exception <a 'java/lang/NoSuchFieldError': method resolution failed> (0x00000000d6301ce8) thrown at [D:\re\workspace\8-2-build-windows-amd64-cygwin\jdk8u77\6540\hotspot\src\share\vm\prims\methodHandles.cpp, line 1146]
Event: 0.314 Thread 0x0000000001eaf000 Exception <a 'java/io/FileNotFoundException'> (0x00000000d639a4d8) thrown at [D:\re\workspace\8-2-build-windows-amd64-cygwin\jdk8u77\6540\hotspot\src\share\vm\prims\jni.cpp, line 709]
Event: 2834.388 Thread 0x000000000a912800 Exception <a 'sun/net/ConnectionResetException': > (0x00000000d6c290b0) thrown at [D:\re\workspace\8-2-build-windows-amd64-cygwin\jdk8u77\6540\hotspot\src\share\vm\prims\jni.cpp, line 735]
Event: 2834.388 Thread 0x000000000a912800 Exception <a 'sun/net/ConnectionResetException': > (0x00000000d6c292e0) thrown at [D:\re\workspace\8-2-build-windows-amd64-cygwin\jdk8u77\6540\hotspot\src\share\vm\prims\jni.cpp, line 735]

Events (10 events):
Event: 2856.769 Executing VM operation: ParallelGCFailedAllocation
Event: 2856.770 Executing VM operation: ParallelGCFailedAllocation done
Event: 2858.529 Executing VM operation: ParallelGCFailedAllocation
Event: 2858.530 Executing VM operation: ParallelGCFailedAllocation done
Event: 2860.242 Executing VM operation: ParallelGCFailedAllocation
Event: 2860.242 Executing VM operation: ParallelGCFailedAllocation done
Event: 2861.886 Executing VM operation: ParallelGCFailedAllocation
Event: 2861.886 Executing VM operation: ParallelGCFailedAllocation done
Event: 2863.463 Executing VM operation: ParallelGCFailedAllocation
Event: 2863.464 Executing VM operation: ParallelGCFailedAllocation done


Dynamic libraries:
0x000000013f6e0000 - 0x000000013f717000 	C:\Program Files\Java\jdk1.8.0_77\bin\java.exe
0x00000000778f0000 - 0x0000000077a99000 	C:\Windows\SYSTEM32\ntdll.dll
0x00000000776d0000 - 0x00000000777ef000 	C:\Windows\system32\kernel32.dll
0x000007fefd9c0000 - 0x000007fefda2c000 	C:\Windows\system32\KERNELBASE.dll
0x000007feffaa0000 - 0x000007feffb7b000 	C:\Windows\system32\ADVAPI32.dll
0x000007fefdfb0000 - 0x000007fefe04f000 	C:\Windows\system32\msvcrt.dll
0x000007fefeeb0000 - 0x000007fefeecf000 	C:\Windows\SYSTEM32\sechost.dll
0x000007fefdd00000 - 0x000007fefde2d000 	C:\Windows\system32\RPCRT4.dll
0x00000000777f0000 - 0x00000000778ea000 	C:\Windows\system32\USER32.dll
0x000007fefdf40000 - 0x000007fefdfa7000 	C:\Windows\system32\GDI32.dll
0x000007feff200000 - 0x000007feff20e000 	C:\Windows\system32\LPK.dll
0x000007fefede0000 - 0x000007fefeea9000 	C:\Windows\system32\USP10.dll
0x000007fefc760000 - 0x000007fefc954000 	C:\Windows\WinSxS\amd64_microsoft.windows.common-controls_6595b64144ccf1df_6.0.7601.17514_none_fa396087175ac9ac\COMCTL32.dll
0x000007fefef50000 - 0x000007fefefc1000 	C:\Windows\system32\SHLWAPI.dll
0x000007feffb80000 - 0x000007feffbae000 	C:\Windows\system32\IMM32.DLL
0x000007fefde30000 - 0x000007fefdf39000 	C:\Windows\system32\MSCTF.dll
0x000007fefd6a0000 - 0x000007fefd6cf000 	C:\Windows\system32\nvinitx.dll
0x000000000f000000 - 0x000000000f006000 	C:\Program Files\NVIDIA Corporation\CoProcManager\_etoured.dll
0x000007fefa210000 - 0x000007fefa26f000 	C:\Program Files\NVIDIA Corporation\CoProcManager\nvd3d9wrapx.dll
0x000007fefdb00000 - 0x000007fefdcd7000 	C:\Windows\system32\SETUPAPI.dll
0x000007fefd930000 - 0x000007fefd966000 	C:\Windows\system32\CFGMGR32.dll
0x000007feff9c0000 - 0x000007feffa97000 	C:\Windows\system32\OLEAUT32.dll
0x000007feff7b0000 - 0x000007feff9b3000 	C:\Windows\system32\ole32.dll
0x000007fefd910000 - 0x000007fefd92a000 	C:\Windows\system32\DEVOBJ.dll
0x000007fefa1c0000 - 0x000007fefa206000 	C:\Program Files\NVIDIA Corporation\CoProcManager\nvdxgiwrapx.dll
0x0000000066130000 - 0x0000000066202000 	C:\Program Files\Java\jdk1.8.0_77\jre\bin\msvcr100.dll
0x000000005e430000 - 0x000000005ecc0000 	C:\Program Files\Java\jdk1.8.0_77\jre\bin\server\jvm.dll
0x000007fef22f0000 - 0x000007fef22f9000 	C:\Windows\system32\WSOCK32.dll
0x000007feffbb0000 - 0x000007feffbfd000 	C:\Windows\system32\WS2_32.dll
0x000007feff7a0000 - 0x000007feff7a8000 	C:\Windows\system32\NSI.dll
0x000007fefb4b0000 - 0x000007fefb4eb000 	C:\Windows\system32\WINMM.dll
0x000007fefc4a0000 - 0x000007fefc4ac000 	C:\Windows\system32\VERSION.dll
0x0000000077ac0000 - 0x0000000077ac7000 	C:\Windows\system32\PSAPI.DLL
0x000000006f7e0000 - 0x000000006f7ef000 	C:\Program Files\Java\jdk1.8.0_77\jre\bin\verify.dll
0x000000006f530000 - 0x000000006f559000 	C:\Program Files\Java\jdk1.8.0_77\jre\bin\java.dll
0x000000006f7c0000 - 0x000000006f7d6000 	C:\Program Files\Java\jdk1.8.0_77\jre\bin\zip.dll
0x000007fefe050000 - 0x000007fefedd8000 	C:\Windows\system32\SHELL32.dll
0x000007fefd6d0000 - 0x000007fefd6df000 	C:\Windows\system32\profapi.dll
0x000007fefb820000 - 0x000007fefb830000 	C:\Program Files (x86)\JetBrains\IntelliJ IDEA 2016.1.2\bin\breakgen64.dll
0x000000006f780000 - 0x000000006f79a000 	C:\Program Files\Java\jdk1.8.0_77\jre\bin\net.dll
0x000007fefcf10000 - 0x000007fefcf65000 	C:\Windows\system32\mswsock.dll
0x000007fefcf00000 - 0x000007fefcf07000 	C:\Windows\System32\wship6.dll
0x0000000065200000 - 0x0000000065398000 	C:\Program Files\Java\jdk1.8.0_77\jre\bin\awt.dll
0x000007fefbba0000 - 0x000007fefbbb8000 	C:\Windows\system32\DWMAPI.DLL
0x000007fefbfd0000 - 0x000007fefc026000 	C:\Windows\system32\uxtheme.dll
0x000007fefd570000 - 0x000007fefd57f000 	C:\Windows\system32\CRYPTBASE.dll
0x0000000065b30000 - 0x0000000065b77000 	C:\Program Files\Java\jdk1.8.0_77\jre\bin\fontmanager.dll
0x000007feef550000 - 0x000007feef58f000 	C:\Program Files\Lenovo\Bluetooth Software\btmmhook.dll
0x000007feff310000 - 0x000007feff3a9000 	C:\Windows\system32\CLBCatQ.DLL
0x000007fefb850000 - 0x000007fefb9b1000 	C:\Windows\system32\WindowsCodecs.dll
0x000007fefd620000 - 0x000007fefd677000 	C:\Windows\system32\apphelp.dll
0x00000000705a0000 - 0x0000000070640000 	C:\Program Files\AVAST Software\Avast\ashShA64.dll
0x000007fef8130000 - 0x000007fef8446000 	C:\Windows\system32\msi.dll
0x000007fefb1e0000 - 0x000007fefb20b000 	C:\Users\Admin\AppData\Roaming\Dropbox\bin\DropboxExt64.22.dll
0x000007fef8de0000 - 0x000007fef8f05000 	C:\Windows\system32\dbghelp.dll
0x0000000070340000 - 0x0000000070413000 	C:\Windows\WinSxS\amd64_microsoft.vc90.crt_1fc8b3b9a1e18e3b_9.0.30729.6161_none_08e61857a83bc251\MSVCP90.dll
0x0000000070290000 - 0x0000000070333000 	C:\Windows\WinSxS\amd64_microsoft.vc90.crt_1fc8b3b9a1e18e3b_9.0.30729.6161_none_08e61857a83bc251\MSVCR90.dll
0x000007fefb1a0000 - 0x000007fefb1d5000 	C:\Windows\system32\EhStorShell.dll
0x000007fefc030000 - 0x000007fefc15c000 	C:\Windows\system32\PROPSYS.dll
0x000007fefb120000 - 0x000007fefb19e000 	C:\Windows\System32\cscui.dll
0x000007fefb410000 - 0x000007fefb41c000 	C:\Windows\System32\CSCDLL.dll
0x000007fefb400000 - 0x000007fefb40f000 	C:\Windows\system32\CSCAPI.dll
0x000007fef7720000 - 0x000007fef77a0000 	C:\Windows\system32\ntshrui.dll
0x000007fefd2f0000 - 0x000007fefd313000 	C:\Windows\system32\srvcli.dll
0x000007fefabe0000 - 0x000007fefabeb000 	C:\Windows\system32\slc.dll
0x000000006f510000 - 0x000000006f521000 	C:\Program Files\Java\jdk1.8.0_77\jre\bin\nio.dll
0x0000000065b80000 - 0x0000000065bc2000 	C:\Program Files\Java\jdk1.8.0_77\jre\bin\t2k.dll
0x000007fefcf70000 - 0x000007fefcf87000 	C:\Windows\system32\CRYPTSP.dll
0x000007fefcc70000 - 0x000007fefccb7000 	C:\Windows\system32\rsaenh.dll
0x000007fefc690000 - 0x000007fefc6ae000 	C:\Windows\system32\USERENV.dll
0x000007fefa280000 - 0x000007fefa2a7000 	C:\Windows\system32\IPHLPAPI.DLL
0x000007fefa270000 - 0x000007fefa27b000 	C:\Windows\system32\WINNSI.DLL
0x000007fef9ba0000 - 0x000007fef9bb8000 	C:\Windows\system32\dhcpcsvc.DLL
0x000007fef9b50000 - 0x000007fef9b61000 	C:\Windows\system32\dhcpcsvc6.DLL
0x000000006be40000 - 0x000000006befa000 	C:\Users\Admin\AppData\Local\Temp\sqlite-3.8.7-e48bf97e-4a18-43f6-bc78-4f536a2d5dc3-sqlitejdbc.dll

VM Arguments:
jvm_args: -Didea.launcher.port=7536 -Didea.launcher.bin.path=C:\Program Files (x86)\JetBrains\IntelliJ IDEA 2016.1.2\bin -Dfile.encoding=UTF-8 
java_command: com.intellij.rt.execution.application.AppMain Main
java_class_path (initial): C:\Program Files\Java\jdk1.8.0_77\jre\lib\charsets.jar;C:\Program Files\Java\jdk1.8.0_77\jre\lib\deploy.jar;C:\Program Files\Java\jdk1.8.0_77\jre\lib\ext\access-bridge-64.jar;C:\Program Files\Java\jdk1.8.0_77\jre\lib\ext\cldrdata.jar;C:\Program Files\Java\jdk1.8.0_77\jre\lib\ext\dnsns.jar;C:\Program Files\Java\jdk1.8.0_77\jre\lib\ext\jaccess.jar;C:\Program Files\Java\jdk1.8.0_77\jre\lib\ext\jfxrt.jar;C:\Program Files\Java\jdk1.8.0_77\jre\lib\ext\localedata.jar;C:\Program Files\Java\jdk1.8.0_77\jre\lib\ext\nashorn.jar;C:\Program Files\Java\jdk1.8.0_77\jre\lib\ext\sunec.jar;C:\Program Files\Java\jdk1.8.0_77\jre\lib\ext\sunjce_provider.jar;C:\Program Files\Java\jdk1.8.0_77\jre\lib\ext\sunmscapi.jar;C:\Program Files\Java\jdk1.8.0_77\jre\lib\ext\sunpkcs11.jar;C:\Program Files\Java\jdk1.8.0_77\jre\lib\ext\zipfs.jar;C:\Program Files\Java\jdk1.8.0_77\jre\lib\javaws.jar;C:\Program Files\Java\jdk1.8.0_77\jre\lib\jce.jar;C:\Program Files\Java\jdk1.8.0_77\jre\lib\jfr.jar;C:\Program Files\Java\jdk1.8.0_77\jre\lib\jfxswt.jar;C:\Program Files\Java\jdk1.8.0_77\jre\lib\jsse.jar;C:\Program Files\Java\jdk1.8.0_77\jre\lib\management-agent.jar;C:\Program Files\Java\jdk1.8.0_77\jre\lib\plugin.jar;C:\Program Files\Java\jdk1.8.0_77\jre\lib\resources.jar;C:\Program Files\Java\jdk1.8.0_77\jre\lib\rt.jar;C:\Users\Admin\IdeaProjects\BankServer\target\classes;C:\Users\Admin\.m2\repository\org\xerial\sqlite-jdbc\3.8.7\sqlite-jdbc-3.8.7.jar;C:\Program Files (x86)\JetBrains\IntelliJ IDEA 2016.1.2\lib\idea_rt.jar
Launcher Type: SUN_STANDARD

Environment Variables:
JAVA_HOME=c:\Program Files\Java\jdk1.8.0_77\
PATH=C:\ProgramData\Oracle\Java\javapath;C:\Program Files (x86)\NVIDIA Corporation\PhysX\Common;C:\Program Files (x86)\Intel\iCLS Client\;C:\Program Files\Intel\iCLS Client\;C:\Windows\system32;C:\Windows;C:\Windows\System32\Wbem;C:\Windows\System32\WindowsPowerShell\v1.0\;C:\Program Files\Lenovo\Bluetooth Software\;C:\Program Files\Lenovo\Bluetooth Software\syswow64;C:\Program Files\Intel\Intel(R) Management Engine Components\DAL;C:\Program Files\Intel\Intel(R) Management Engine Components\IPT;C:\Program Files (x86)\Intel\Intel(R) Management Engine Components\DAL;C:\Program Files (x86)\Intel\Intel(R) Management Engine Components\IPT;C:\Program Files (x86)\Intel\OpenCL SDK\2.0\bin\x86;C:\Program Files (x86)\Intel\OpenCL SDK\2.0\bin\x64;c:\Program Files (x86)\Java\jdk1.8.0_20\bin\;C:\Program Files (x86)\Microsoft SQL Server\100\Tools\Binn\;C:\Program Files (x86)\Microsoft SQL Server\100\DTS\Binn\;C:\Program Files\Microsoft SQL Server\100\Tools\Binn\;C:\Program Files\Microsoft SQL Server\100\DTS\Binn\;C:\Program Files\Microsoft SQL Server\110\Tools\Binn\;C:\Program Files (x86)\Microsoft SDKs\TypeScript\1.0\;C:\Program Files\Microsoft SQL Server\120\Tools\Binn\;%USERPROFILE%\.dnx\bin;C:\Program Files\Microsoft DNX\Dnvm\;C:\Program Files (x86)\Windows Kits\8.1\Windows Performance Toolkit\;c:\Program Files\MySQL\MySQL Server 5.7\bin\;%M2%;c:\Program Files\Apache Software Foundation\apache-maven-3.3.9\bin\;c:\Program Files\Java\jdk1.8.0_77\\bin;C:\Program Files (x86)\Skype\Phone\;C:\Program Files (x86)\MySQL\MySQL Fabric 1.5 & MySQL Utilities 1.5\;C:\Program Files (x86)\MySQL\MySQL Fabric 1.5 & MySQL Utilities 1.5\Doctrine extensions for PHP\;C:\Program Files (x86)\Heroku\bin;C:\Program Files (x86)\git\cmd;C:\Program Files (x86)\Git\cmd
USERNAME=Admin
OS=Windows_NT
PROCESSOR_IDENTIFIER=Intel64 Family 6 Model 58 Stepping 9, GenuineIntel



---------------  S Y S T E M  ---------------

OS: Windows 7 , 64 bit Build 7601 (6.1.7601.17932)

CPU:total 4 (2 cores per cpu, 2 threads per core) family 6 model 58 stepping 9, cmov, cx8, fxsr, mmx, sse, sse2, sse3, ssse3, sse4.1, sse4.2, popcnt, avx, aes, clmul, erms, ht, tsc, tscinvbit, tscinv

Memory: 4k page, physical 8254312k(4131484k free), swap 16506780k(10016812k free)

vm_info: Java HotSpot(TM) 64-Bit Server VM (25.77-b03) for windows-amd64 JRE (1.8.0_77-b03), built on Mar 20 2016 22:01:33 by "java_re" with MS VC++ 10.0 (VS2010)

time: Thu Jun 09 17:55:15 2016
elapsed time: 2864 seconds (0d 0h 47m 44s)

